# JRE version: OpenJDK Runtime Environment Corretto-11.0.16.9.1 (11.0.16.1+9) (build 11.0.16.1+9-LTS)
# Java VM: OpenJDK 64-Bit Server VM Corretto-11.0.16.9.1 (11.0.16.1+9-LTS, mixed mode, tiered, compressed oops, g1 gc, windows-amd64)
Heap:
 garbage-first heap   total 196608K, used 8600K [0x0000000741c00000, 0x0000000800000000)
  region size 1024K, 2 young (2048K), 2 survivors (2048K)
 Metaspace       used 15864K, capacity 16443K, committed 16512K, reserved 1075200K
  class space    used 1894K, capacity 2110K, committed 2176K, reserved 1048576K
GC Heap History (8 events):
Event: 1.996 GC heap before
{Heap before GC invocations=0 (full 0):
 garbage-first heap   total 196608K, used 14336K [0x0000000741c00000, 0x0000000800000000)
  region size 1024K, 14 young (14336K), 0 survivors (0K)
 Metaspace       used 10008K, capacity 10249K, committed 10496K, reserved 1058816K
  class space    used 917K, capacity 995K, committed 1024K, reserved 1048576K
}
Event: 2.012 GC heap after
{Heap after GC invocations=1 (full 0):
 garbage-first heap   total 196608K, used 7188K [0x0000000741c00000, 0x0000000800000000)
  region size 1024K, 2 young (2048K), 2 survivors (2048K)
 Metaspace       used 10008K, capacity 10249K, committed 10496K, reserved 1058816K
  class space    used 917K, capacity 995K, committed 1024K, reserved 1048576K
}
Event: 2.304 GC heap before
{Heap before GC invocations=1 (full 0):
 garbage-first heap   total 196608K, used 15380K [0x0000000741c00000, 0x0000000800000000)
  region size 1024K, 10 young (10240K), 2 survivors (2048K)
 Metaspace       used 10990K, capacity 11264K, committed 11392K, reserved 1058816K
  class space    used 1052K, capacity 1125K, committed 1152K, reserved 1048576K
}
Event: 2.308 GC heap after
{Heap after GC invocations=2 (full 0):
 garbage-first heap   total 196608K, used 7534K [0x0000000741c00000, 0x0000000800000000)
  region size 1024K, 1 young (1024K), 1 survivors (1024K)
 Metaspace       used 10990K, capacity 11264K, committed 11392K, reserved 1058816K
  class space    used 1052K, capacity 1125K, committed 1152K, reserved 1048576K
}
Event: 3.525 GC heap before
{Heap before GC invocations=2 (full 0):
 garbage-first heap   total 196608K, used 32110K [0x0000000741c00000, 0x0000000800000000)
  region size 1024K, 25 young (25600K), 1 survivors (1024K)
 Metaspace       used 15419K, capacity 15957K, committed 16128K, reserved 1067008K
  class space    used 1822K, capacity 2012K, committed 2048K, reserved 1048576K
}
Event: 3.529 GC heap after
{Heap after GC invocations=3 (full 0):
 garbage-first heap   total 196608K, used 8553K [0x0000000741c00000, 0x0000000800000000)
  region size 1024K, 2 young (2048K), 2 survivors (2048K)
 Metaspace       used 15419K, capacity 15957K, committed 16128K, reserved 1067008K
  class space    used 1822K, capacity 2012K, committed 2048K, reserved 1048576K
}
Event: 3.629 GC heap before
{Heap before GC invocations=3 (full 0):
 garbage-first heap   total 196608K, used 10601K [0x0000000741c00000, 0x0000000800000000)
  region size 1024K, 5 young (5120K), 2 survivors (2048K)
 Metaspace       used 15864K, capacity 16443K, committed 16512K, reserved 1073152K
  class space    used 1894K, capacity 2110K, committed 2176K, reserved 1048576K
}
Event: 3.632 GC heap after
{Heap after GC invocations=4 (full 0):
 garbage-first heap   total 196608K, used 8600K [0x0000000741c00000, 0x0000000800000000)
  region size 1024K, 2 young (2048K), 2 survivors (2048K)
 Metaspace       used 15864K, capacity 16443K, committed 16512K, reserved 1073152K
  class space    used 1894K, capacity 2110K, committed 2176K, reserved 1048576K
}

